#
# There is insufficient memory for the Java Runtime Environment to continue.
# Native memory allocation (mmap) failed to map 534773760 bytes for Failed to commit area from 0x0000000602000000 to 0x0000000621e00000 of length 534773760.
# Possible reasons:
#   The system is out of physical RAM or swap space
#   The process is running with CompressedOops enabled, and the Java Heap may be blocking the growth of the native heap
# Possible solutions:
#   Reduce memory load on the system
#   Increase physical memory or swap space
#   Check if swap backing store is full
#   Decrease Java heap size (-Xmx/-Xms)
#   Decrease number of Java threads
#   Decrease Java thread stack sizes (-Xss)
#   Set larger code cache with -XX:ReservedCodeCacheSize=
# This output file may be truncated or incomplete.
#
#  Out of Memory Error (src/hotspot/os/windows/os_windows.cpp:3627), pid=15520, tid=15584
#
# JRE version:  (11.0.15) (build )
# Java VM: OpenJDK 64-Bit Server VM (11.0.15+0-b2043.56-9505619, mixed mode, sharing, tiered, compressed oops, g1 gc, windows-amd64)
# No core dump will be written. Minidumps are not enabled by default on client versions of Windows
#

---------------  S U M M A R Y ------------

Command Line: org.jetbrains.kotlin.cli.jvm.K2JVMCompiler @C:\Users\Administrator\AndroidStudioProjects\SmsApplication\app\build\20230514_5330434034476503749.compiler.options

Host: Intel(R) Core(TM) i5-10400 CPU @ 2.90GHz, 12 cores, 31G,  Windows 10 , 64 bit Build 19041 (10.0.19041.2251)
Time: Sun May 14 13:17:34 2023 China Standard Time elapsed time: 0.007158 seconds (0d 0h 0m 0s)

---------------  T H R E A D  ---------------

Current thread (0x0000000002ac4000):  JavaThread "Unknown thread" [_thread_in_vm, id=15584, stack(0x00000000009c0000,0x0000000000ac0000)]

Stack: [0x00000000009c0000,0x0000000000ac0000]
Native frames: (J=compiled Java code, j=interpreted, Vv=VM code, C=native code)
V  [jvm.dll+0x64135a]
V  [jvm.dll+0x7d39f9]
V  [jvm.dll+0x7d51b9]
V  [jvm.dll+0x7d58a3]
V  [jvm.dll+0x2691c5]
V  [jvm.dll+0x63e4e9]
V  [jvm.dll+0x632985]
V  [jvm.dll+0x3231ac]
V  [jvm.dll+0x323032]
V  [jvm.dll+0x327c06]
V  [jvm.dll+0x36ffa2]
V  [jvm.dll+0x36fa01]
V  [jvm.dll+0x2fea28]
V  [jvm.dll+0x2ffb25]
V  [jvm.dll+0x7accd7]
V  [jvm.dll+0x7ae49f]
V  [jvm.dll+0x37d299]
V  [jvm.dll+0x78ef9f]
V  [jvm.dll+0x3ec847]
V  [jvm.dll+0x3eed31]
C  [jli.dll+0x52cb]
C  [ucrtbase.dll+0x21bb2]
C  [KERNEL32.DLL+0x174b4]
C  [ntdll.dll+0x526a1]


---------------  P R O C E S S  ---------------

Threads class SMR info:
_java_thread_list=0x0000000000506300, length=0, elements={
}

Java Threads: ( => current thread )

Other Threads:
  0x0000000002ad9800 GCTaskThread "GC Thread#0" [stack: 0x0000000002480000,0x0000000002580000] [id=15588]
  0x0000000002b5a000 ConcurrentGCThread "G1 Main Marker" [stack: 0x0000000028c40000,0x0000000028d40000] [id=15592]
  0x0000000002b5b800 ConcurrentGCThread "G1 Conc#0" [stack: 0x0000000028d40000,0x0000000028e40000] [id=15596]

[error occurred during error reporting (printing all threads), id 0xc0000005, EXCEPTION_ACCESS_VIOLATION (0xc0000005) at pc=0x00007ffcaeacf3e7]

VM state:not at safepoint (not fully initialized)

VM Mutex/Monitor currently owned by a thread:  ([mutex/lock_event])
[0x0000000002ac2440] Heap_lock - owner thread: 0x0000000002ac4000

Heap address: 0x0000000602000000, size: 8160 MB, Compressed Oops mode: Non-zero based: 0x0000000602000000
Narrow klass base: 0x0000000000000000, Narrow klass shift: 0

GC Heap History (0 events):
No events

Deoptimization events (0 events):
No events

Classes redefined (0 events):
No events

Internal exceptions (0 events):
No events

Events (1 events):
Event: 0.004 Loaded shared library C:\Program Files\Android\Android Studio\jbr\bin\zip.dll


Dynamic libraries:
0x00007ff711de0000 - 0x00007ff711dea000 	C:\Program Files\Android\Android Studio\jbr\bin\java.exe
0x00007ffcdbc90000 - 0x00007ffcdbe88000 	C:\Windows\SYSTEM32\ntdll.dll
0x00007ffcdad60000 - 0x00007ffcdae1f000 	C:\Windows\System32\KERNEL32.DLL
0x00007ffcd97d0000 - 0x00007ffcd9aa2000 	C:\Windows\System32\KERNELBASE.dll
0x00007ffcd9be0000 - 0x00007ffcd9ce0000 	C:\Windows\System32\ucrtbase.dll
0x00007ffcc7400000 - 0x00007ffcc7417000 	C:\Program Files\Android\Android Studio\jbr\bin\jli.dll
0x00007ffcc7cf0000 - 0x00007ffcc7d0b000 	C:\Program Files\Android\Android Studio\jbr\bin\VCRUNTIME140.dll
0x00007ffcdabc0000 - 0x00007ffcdad5d000 	C:\Windows\System32\USER32.dll
0x00007ffcd9ab0000 - 0x00007ffcd9ad2000 	C:\Windows\System32\win32u.dll
0x00007ffcc5430000 - 0x00007ffcc56ca000 	C:\Windows\WinSxS\amd64_microsoft.windows.common-controls_6595b64144ccf1df_6.0.19041.1110_none_60b5254171f9507e\COMCTL32.dll
0x00007ffcdb710000 - 0x00007ffcdb73b000 	C:\Windows\System32\GDI32.dll
0x00007ffcdbb60000 - 0x00007ffcdbbfe000 	C:\Windows\System32\msvcrt.dll
0x00007ffcd9520000 - 0x00007ffcd962f000 	C:\Windows\System32\gdi32full.dll
0x00007ffcd9680000 - 0x00007ffcd971d000 	C:\Windows\System32\msvcp_win.dll
0x00007ffcdbc00000 - 0x00007ffcdbc32000 	C:\Windows\System32\IMM32.DLL
0x00007ffcc73d0000 - 0x00007ffcc73dc000 	C:\Program Files\Android\Android Studio\jbr\bin\vcruntime140_1.dll
0x00007ffcb2840000 - 0x00007ffcb28cd000 	C:\Program Files\Android\Android Studio\jbr\bin\msvcp140.dll
0x00007ffcae7c0000 - 0x00007ffcaf37c000 	C:\Program Files\Android\Android Studio\jbr\bin\server\jvm.dll
0x00007ffcdbab0000 - 0x00007ffcdbb5e000 	C:\Windows\System32\ADVAPI32.dll
0x00007ffcd9d60000 - 0x00007ffcd9dfc000 	C:\Windows\System32\sechost.dll
0x00007ffcdb740000 - 0x00007ffcdb865000 	C:\Windows\System32\RPCRT4.dll
0x00007ffcdb5f0000 - 0x00007ffcdb5f8000 	C:\Windows\System32\PSAPI.DLL
0x00007ffcc6a30000 - 0x00007ffcc6a39000 	C:\Windows\SYSTEM32\WSOCK32.dll
0x00007ffccc730000 - 0x00007ffccc757000 	C:\Windows\SYSTEM32\WINMM.dll
0x00007ffcd3660000 - 0x00007ffcd366a000 	C:\Windows\SYSTEM32\VERSION.dll
0x00007ffcdafd0000 - 0x00007ffcdb03b000 	C:\Windows\System32\WS2_32.dll
0x00007ffcd7270000 - 0x00007ffcd7282000 	C:\Windows\SYSTEM32\kernel.appcore.dll
0x00007ffcbb060000 - 0x00007ffcbb070000 	C:\Program Files\Android\Android Studio\jbr\bin\verify.dll
0x00007ffcc8860000 - 0x00007ffcc8a44000 	C:\Windows\SYSTEM32\DBGHELP.DLL
0x00007ffcb9a60000 - 0x00007ffcb9a8c000 	C:\Windows\SYSTEM32\dbgcore.DLL
0x00007ffcd9b50000 - 0x00007ffcd9bd2000 	C:\Windows\System32\bcryptPrimitives.dll
0x00007ffcae790000 - 0x00007ffcae7b8000 	C:\Program Files\Android\Android Studio\jbr\bin\java.dll
0x00007ffcbb050000 - 0x00007ffcbb05a000 	C:\Program Files\Android\Android Studio\jbr\bin\jimage.dll
0x00007ffcae770000 - 0x00007ffcae788000 	C:\Program Files\Android\Android Studio\jbr\bin\zip.dll

dbghelp: loaded successfully - version: 4.0.5 - missing functions: none
symbol engine: initialized successfully - sym options: 0x614 - pdb path: .;C:\Program Files\Android\Android Studio\jbr\bin;C:\Windows\SYSTEM32;C:\Windows\WinSxS\amd64_microsoft.windows.common-controls_6595b64144ccf1df_6.0.19041.1110_none_60b5254171f9507e;C:\Program Files\Android\Android Studio\jbr\bin\server

VM Arguments:
java_command: org.jetbrains.kotlin.cli.jvm.K2JVMCompiler @C:\Users\Administrator\AndroidStudioProjects\SmsApplication\app\build\20230514_5330434034476503749.compiler.options
java_class_path (initial): C:\Users\Administrator\.gradle\caches\modules-2\files-2.1\org.jetbrains.kotlin\kotlin-compiler-embeddable\1.8.0\eb9118d4bcceaa2a94b2ae2a33a4ddba7c9a947f\kotlin-compiler-embeddable-1.8.0.jar;C:\Users\Administrator\.gradle\caches\modules-2\files-2.1\org.jetbrains.kotlin\kotlin-stdlib\1.8.0\1796921c7a3e2e2665a83e6c8d33399336cd39bc\kotlin-stdlib-1.8.0.jar;C:\Users\Administrator\.gradle\caches\modules-2\files-2.1\org.jetbrains.kotlin\kotlin-script-runtime\1.8.0\b2f7e760d283cb339974851c222a4c1d48f2d3d\kotlin-script-runtime-1.8.0.jar;C:\Users\Administrator\.gradle\caches\modules-2\files-2.1\org.jetbrains.kotlin\kotlin-reflect\1.6.10\1cbe9c92c12a94eea200d23c2bbaedaf3daf5132\kotlin-reflect-1.6.10.jar;C:\Users\Administrator\.gradle\caches\modules-2\files-2.1\org.jetbrains.kotlin\kotlin-daemon-embeddable\1.8.0\d255216c551685dc3a7e852b53617f5f01aaaa5c\kotlin-daemon-embeddable-1.8.0.jar;C:\Users\Administrator\.gradle\caches\modules-2\files-2.1\org.jetbrains.intellij.deps\trove4j\1.0.20200330\3afb14d5f9ceb459d724e907a21145e8ff394f02\trove4j-1.0.20200330.jar;C:\Users\Administrator\.gradle\caches\modules-2\files-2.1\net.java.dev.jna\jna\5.6.0\330f2244e9030119ab3030fc3fededc86713d9cc\jna-5.6.0.jar;C:\Users\Administrator\.gradle\caches\modules-2\files-2.1\org.jetbrains.kotlin\kotlin-stdlib-common\1.8.0\f7197e7cc76453ac59f8b0f8d5137cc600becd36\kotlin-stdlib-common-1.8.0.jar;C:\Users\Administrator\.gradle\caches\modules-2\files-2.1\org.jetbrains\annotations\13.0\919f0dfe192fb4e063e7dacadee7f8bb9a2672a9\annotations-13.0.jar
Launcher Type: SUN_STANDARD

[Global flags]
     intx CICompilerCount                          = 4                                         {product} {ergonomic}
     uint ConcGCThreads                            = 3                                         {product} {ergonomic}
     uint G1ConcRefinementThreads                  = 10                                        {product} {ergonomic}
   size_t G1HeapRegionSize                         = 2097152                                   {product} {ergonomic}
    uintx GCDrainStackTargetSize                   = 64                                        {product} {ergonomic}
   size_t InitialHeapSize                          = 534773760                                 {product} {ergonomic}
   size_t MarkStackSize                            = 4194304                                   {product} {ergonomic}
   size_t MaxHeapSize                              = 8556380160                                {product} {ergonomic}
   size_t MinHeapDeltaBytes                        = 2097152                                   {product} {ergonomic}
    uintx NonNMethodCodeHeapSize                   = 5836300                                {pd product} {ergonomic}
    uintx NonProfiledCodeHeapSize                  = 122910970                              {pd product} {ergonomic}
    uintx ProfiledCodeHeapSize                     = 122910970                              {pd product} {ergonomic}
    uintx ReservedCodeCacheSize                    = 251658240                              {pd product} {ergonomic}
     bool SegmentedCodeCache                       = true                                      {product} {ergonomic}
     bool UseCompressedClassPointers               = true                                 {lp64_product} {ergonomic}
     bool UseCompressedOops                        = true                                 {lp64_product} {ergonomic}
     bool UseG1GC                                  = true                                      {product} {ergonomic}
     bool UseLargePagesIndividualAllocation        = false                                  {pd product} {ergonomic}

Logging:
Log output configuration:
 #0: stdout all=warning uptime,level,tags
 #1: stderr all=off uptime,level,tags

Environment Variables:
JAVA_HOME=D:\Program Files\Java\jdk1.8.0_202
PATH=C:\Program Files (x86)\Common Files\Oracle\Java\javapath;C:\Windows\system32;C:\Windows;C:\Windows\System32\Wbem;C:\Windows\System32\WindowsPowerShell\v1.0\;C:\Windows\System32\OpenSSH\;C:\Program Files\Docker\Docker\resources\bin;D:\Program Files\nodejs\;C:\Program Files\Git\cmd;C:\Users\Administrator\AppData\Local\Microsoft\WindowsApps;D:\Users\Administrator\AppData\Local\Programs\Microsoft VS Code\bin;D:\Program Files\Java\jdk1.8.0_202\bin;C:\Users\Administrator\AppData\Roaming\npm;C:\Program Files\Git\bin\git.exe;C:\Program Files\Git\bin\bash.exe;C:\Users\Administrator\AppData\Local\GitHubDesktop\bin;D:\Users\Downloads\flutter_windows_3.7.8-stable\flutter\bin;;C:\Users\Administrator\AppData\Local\Programs\Fiddler
USERNAME=Administrator
OS=Windows_NT
PROCESSOR_IDENTIFIER=Intel64 Family 6 Model 165 Stepping 3, GenuineIntel



---------------  S Y S T E M  ---------------

OS: Windows 10 , 64 bit Build 19041 (10.0.19041.2251)
OS uptime: 0 days 17:38 hours

CPU:total 12 (initial active 12) (6 cores per cpu, 2 threads per core) family 6 model 165 stepping 3 microcode 0xea, cmov, cx8, fxsr, mmx, sse, sse2, sse3, ssse3, sse4.1, sse4.2, popcnt, avx, avx2, aes, clmul, erms, 3dnowpref, lzcnt, ht, tsc, tscinvbit, bmi1, bmi2, adx, fma

Memory: 4k page, system-wide physical 32635M (17052M free)
TotalPageFile size 36731M (AvailPageFile size 165M)
current process WorkingSet (physical memory assigned to process): 10M, peak: 10M
current process commit charge ("private bytes"): 64M, peak: 574M

vm_info: OpenJDK 64-Bit Server VM (11.0.15+0-b2043.56-9505619) for windows-amd64 JRE (11.0.15+0-b2043.56-9505619), built on Jan 19 2023 02:48:00 by "builduser" with unknown MS VC++:1929

END.
